<?xml version="1.0" encoding="UTF-8"?>
<!-- Generated by org.testng.reporters.JUnitXMLReporter -->
<testsuite ignored="0" hostname="YUVARAJ_UV" failures="0" tests="3" name="Default test" time="23.05" errors="0" timestamp="2025-03-26T12:43:48 IST">
  <testcase classname="com.Tests.RegisterTest" name="Register" time="2.611"/>
  <testcase classname="com.Tests.RegisterTest" name="Register" time="2.232"/>
  <testcase classname="com.Tests.RegisterTest" name="Register" time="2.189"/>
</testsuite> <!-- Default test -->
