<?xml version="1.0" encoding="UTF-8"?>
<!-- Generated by org.testng.reporters.JUnitXMLReporter -->
<testsuite ignored="0" hostname="YUVARAJ_UV" failures="0" tests="4" name="Test" time="26.127" errors="0" timestamp="2025-03-26T12:46:59 IST">
  <testcase classname="com.Tests.RegisterTest" name="Register" time="2.879"/>
  <testcase classname="com.Tests.RegisterTest" name="Register" time="2.18"/>
  <testcase classname="com.Tests.RegisterTest" name="Register" time="2.114"/>
  <testcase classname="com.Tests.HomeTest" name="loginTest" time="0.027"/>
</testsuite> <!-- Test -->
