<?xml version="1.0" encoding="UTF-8"?>
<!-- Generated by org.testng.reporters.JUnitXMLReporter -->
<testsuite ignored="0" hostname="YUVARAJ_UV" failures="3" tests="4" name="Test" time="14.651" errors="0" timestamp="2025-03-26T16:35:27 IST">
  <testcase classname="com.Tests.HomeTest" name="loginTest" time="0.112"/>
  <testcase classname="com.Tests.RegisterTest" name="Register" time="2.771">
    <failure type="java.lang.AssertionError" message="Registration was not successful expected [true] but found [false]">
      <![CDATA[java.lang.AssertionError: Registration was not successful expected [true] but found [false]
at com.Tests.RegisterTest.Register(RegisterTest.java:31)
at java.base/java.util.concurrent.ThreadPoolExecutor.runWorker(ThreadPoolExecutor.java:1144)
at java.base/java.util.concurrent.ThreadPoolExecutor$Worker.run(ThreadPoolExecutor.java:642)
at java.base/java.lang.Thread.run(Thread.java:1583)
... Removed 10 stack frames]]>
    </failure>
  </testcase> <!-- Register -->
  <testcase classname="com.Tests.RegisterTest" name="Register" time="2.875">
    <failure type="java.lang.AssertionError" message="Registration was not successful expected [true] but found [false]">
      <![CDATA[java.lang.AssertionError: Registration was not successful expected [true] but found [false]
at com.Tests.RegisterTest.Register(RegisterTest.java:31)
at java.base/java.util.concurrent.ThreadPoolExecutor.runWorker(ThreadPoolExecutor.java:1144)
at java.base/java.util.concurrent.ThreadPoolExecutor$Worker.run(ThreadPoolExecutor.java:642)
at java.base/java.lang.Thread.run(Thread.java:1583)
... Removed 10 stack frames]]>
    </failure>
  </testcase> <!-- Register -->
  <testcase classname="com.Tests.RegisterTest" name="Register" time="2.557">
    <failure type="java.lang.AssertionError" message="Registration was not successful expected [true] but found [false]">
      <![CDATA[java.lang.AssertionError: Registration was not successful expected [true] but found [false]
at com.Tests.RegisterTest.Register(RegisterTest.java:31)
at java.base/java.util.concurrent.ThreadPoolExecutor.runWorker(ThreadPoolExecutor.java:1144)
at java.base/java.util.concurrent.ThreadPoolExecutor$Worker.run(ThreadPoolExecutor.java:642)
at java.base/java.lang.Thread.run(Thread.java:1583)
... Removed 10 stack frames]]>
    </failure>
  </testcase> <!-- Register -->
</testsuite> <!-- Test -->
