<?xml version="1.0" encoding="UTF-8"?>
<testng-results ignored="0" total="4" passed="4" failed="0" skipped="0">
  <reporter-output>
  </reporter-output>
  <suite started-at="2025-03-26T12:46:33 IST" name="Suite" finished-at="2025-03-26T12:46:59 IST" duration-ms="26127">
    <groups>
    </groups>
    <test started-at="2025-03-26T12:46:33 IST" name="Test" finished-at="2025-03-26T12:46:59 IST" duration-ms="26127">
      <class name="com.Tests.HomeTest">
        <test-method is-config="true" signature="setup()[pri:0, instance:com.Tests.HomeTest@5fd4f8f5]" started-at="2025-03-26T12:46:55 IST" name="setup" finished-at="2025-03-26T12:46:59 IST" duration-ms="4003" status="PASS">
          <reporter-output>
          </reporter-output>
        </test-method> <!-- setup -->
        <test-method signature="loginTest()[pri:0, instance:com.Tests.HomeTest@5fd4f8f5]" started-at="2025-03-26T12:46:59 IST" name="loginTest" finished-at="2025-03-26T12:46:59 IST" duration-ms="27" status="PASS">
          <reporter-output>
          </reporter-output>
        </test-method> <!-- loginTest -->
        <test-method is-config="true" signature="tearDown()[pri:0, instance:com.Tests.HomeTest@5fd4f8f5]" started-at="2025-03-26T12:46:59 IST" name="tearDown" finished-at="2025-03-26T12:46:59 IST" duration-ms="362" status="PASS">
          <reporter-output>
          </reporter-output>
        </test-method> <!-- tearDown -->
      </class> <!-- com.Tests.HomeTest -->
      <class name="com.Tests.RegisterTest">
        <test-method is-config="true" signature="setup()[pri:0, instance:com.Tests.RegisterTest@4ef37659]" started-at="2025-03-26T12:46:33 IST" name="setup" finished-at="2025-03-26T12:46:38 IST" duration-ms="4802" status="PASS">
          <reporter-output>
          </reporter-output>
        </test-method> <!-- setup -->
        <test-method signature="Register(java.lang.String,java.lang.String,java.lang.String,java.lang.String,java.lang.String)[pri:0, instance:com.Tests.RegisterTest@4ef37659]" started-at="2025-03-26T12:46:38 IST" name="Register" data-provider="excelData" finished-at="2025-03-26T12:46:41 IST" duration-ms="2879" status="PASS">
          <params>
            <param index="0">
              <value>
                <![CDATA[Yuvaraj]]>
              </value>
            </param>
            <param index="1">
              <value>
                <![CDATA[Ramesh]]>
              </value>
            </param>
            <param index="2">
              <value>
                <![CDATA[2k21cse11@kiot.ac.in]]>
              </value>
            </param>
            <param index="3">
              <value>
                <![CDATA[1234.0]]>
              </value>
            </param>
            <param index="4">
              <value>
                <![CDATA[1234.0]]>
              </value>
            </param>
          </params>
          <reporter-output>
          </reporter-output>
        </test-method> <!-- Register -->
        <test-method is-config="true" signature="tearDown()[pri:0, instance:com.Tests.RegisterTest@4ef37659]" started-at="2025-03-26T12:46:41 IST" name="tearDown" finished-at="2025-03-26T12:46:42 IST" duration-ms="353" status="PASS">
          <reporter-output>
          </reporter-output>
        </test-method> <!-- tearDown -->
        <test-method is-config="true" signature="setup()[pri:0, instance:com.Tests.RegisterTest@4ef37659]" started-at="2025-03-26T12:46:42 IST" name="setup" finished-at="2025-03-26T12:46:46 IST" duration-ms="4076" status="PASS">
          <reporter-output>
          </reporter-output>
        </test-method> <!-- setup -->
        <test-method signature="Register(java.lang.String,java.lang.String,java.lang.String,java.lang.String,java.lang.String)[pri:0, instance:com.Tests.RegisterTest@4ef37659]" started-at="2025-03-26T12:46:46 IST" name="Register" data-provider="excelData" finished-at="2025-03-26T12:46:48 IST" duration-ms="2180" status="PASS">
          <params>
            <param index="0">
              <value>
                <![CDATA[Sevvel ]]>
              </value>
            </param>
            <param index="1">
              <value>
                <![CDATA[Palani]]>
              </value>
            </param>
            <param index="2">
              <value>
                <![CDATA[2k21cse12@kiot.ac.in]]>
              </value>
            </param>
            <param index="3">
              <value>
                <![CDATA[1234.0]]>
              </value>
            </param>
            <param index="4">
              <value>
                <![CDATA[1234.0]]>
              </value>
            </param>
          </params>
          <reporter-output>
          </reporter-output>
        </test-method> <!-- Register -->
        <test-method is-config="true" signature="tearDown()[pri:0, instance:com.Tests.RegisterTest@4ef37659]" started-at="2025-03-26T12:46:48 IST" name="tearDown" finished-at="2025-03-26T12:46:48 IST" duration-ms="332" status="PASS">
          <reporter-output>
          </reporter-output>
        </test-method> <!-- tearDown -->
        <test-method is-config="true" signature="setup()[pri:0, instance:com.Tests.RegisterTest@4ef37659]" started-at="2025-03-26T12:46:48 IST" name="setup" finished-at="2025-03-26T12:46:52 IST" duration-ms="3993" status="PASS">
          <reporter-output>
          </reporter-output>
        </test-method> <!-- setup -->
        <test-method signature="Register(java.lang.String,java.lang.String,java.lang.String,java.lang.String,java.lang.String)[pri:0, instance:com.Tests.RegisterTest@4ef37659]" started-at="2025-03-26T12:46:52 IST" name="Register" data-provider="excelData" finished-at="2025-03-26T12:46:54 IST" duration-ms="2114" status="PASS">
          <params>
            <param index="0">
              <value>
                <![CDATA[Divraj]]>
              </value>
            </param>
            <param index="1">
              <value>
                <![CDATA[Raj]]>
              </value>
            </param>
            <param index="2">
              <value>
                <![CDATA[2k21cse13@kiot.ac.in]]>
              </value>
            </param>
            <param index="3">
              <value>
                <![CDATA[1234.0]]>
              </value>
            </param>
            <param index="4">
              <value>
                <![CDATA[1234.0]]>
              </value>
            </param>
          </params>
          <reporter-output>
          </reporter-output>
        </test-method> <!-- Register -->
        <test-method is-config="true" signature="tearDown()[pri:0, instance:com.Tests.RegisterTest@4ef37659]" started-at="2025-03-26T12:46:54 IST" name="tearDown" finished-at="2025-03-26T12:46:55 IST" duration-ms="321" status="PASS">
          <reporter-output>
          </reporter-output>
        </test-method> <!-- tearDown -->
      </class> <!-- com.Tests.RegisterTest -->
    </test> <!-- Test -->
  </suite> <!-- Suite -->
</testng-results>
